Running: C:\Xilinx\14.7\ISE_DS\ISE\bin\nt64\unwrapped\fuse.exe -intstyle ise -incremental -o C:/Users/artur/OneDrive/Pulpit/UCiSW_2/Projekt/Digit_signal_gen_tb_isim_beh.exe -prj C:/Users/artur/OneDrive/Pulpit/UCiSW_2/Projekt/Digit_signal_gen_tb_beh.prj work.Digit_signal_gen_tb 
ISim P.20131013 (signature 0x7708f090)
Number of CPUs detected in this system: 8
Turning on mult-threading, number of parallel sub-compilation jobs: 16 
Determining compilation order of HDL files
Parsing VHDL file "C:/Users/artur/OneDrive/Pulpit/UCiSW_2/Projekt/Digit_signal_gen.vhd" into library work
Parsing VHDL file "C:/Users/artur/OneDrive/Pulpit/UCiSW_2/Projekt/Digit_signal_gen_tb.vhd" into library work
Starting static elaboration
Completed static elaboration
Compiling package standard
Compiling package std_logic_1164
Compiling package numeric_std
Compiling architecture behavioral of entity Dec_sign_generator [dec_sign_generator_default]
Compiling architecture behavior of entity digit_signal_gen_tb
Time Resolution for simulation is 1ps.
Waiting for 1 sub-compilation(s) to finish...
WARNING:Simulator - Unable to copy libPortabilityNOSH.dll to the simulation executable directory: boost::filesystem::copy_file: System nie mo¿e odnale æ okre lonej  cie¿ki, "isim\Digit_signal_gen_tb_isim_beh.exe.sim\libPortability.dll".
Compiled 6 VHDL Units
Built simulation executable C:/Users/artur/OneDrive/Pulpit/UCiSW_2/Projekt/Digit_signal_gen_tb_isim_beh.exe
Fuse Memory Usage: 36880 KB
Fuse CPU Usage: 484 ms
